<?xml version="1.0" encoding="UTF-8"?>
<testng-results ignored="0" total="1" passed="1" failed="0" skipped="0">
  <reporter-output>
  </reporter-output>
  <suite started-at="2023-09-29T16:59:11 IST" name="Default suite" finished-at="2023-09-29T16:59:37 IST" duration-ms="26227">
    <groups>
    </groups>
    <test started-at="2023-09-29T16:59:11 IST" name="Default test" finished-at="2023-09-29T16:59:37 IST" duration-ms="26227">
      <class name="testcase.SampleCart">
        <test-method is-config="true" signature="createnewReport()[pri:0, instance:testcase.SampleCart@78fa769e]" started-at="2023-09-29T16:59:10 IST" name="createnewReport" finished-at="2023-09-29T16:59:11 IST" duration-ms="172" status="PASS">
          <reporter-output>
          </reporter-output>
        </test-method> <!-- createnewReport -->
        <test-method is-config="true" signature="setUp()[pri:0, instance:testcase.SampleCart@78fa769e]" started-at="2023-09-29T16:59:11 IST" name="setUp" finished-at="2023-09-29T16:59:14 IST" duration-ms="3477" status="PASS">
          <reporter-output>
          </reporter-output>
        </test-method> <!-- setUp -->
        <test-method signature="loginTest(java.lang.String,java.lang.String)[pri:0, instance:testcase.SampleCart@78fa769e]" started-at="2023-09-29T16:59:14 IST" name="loginTest" data-provider="testdata" finished-at="2023-09-29T16:59:37 IST" duration-ms="22449" status="PASS">
          <params>
            <param index="0">
              <value>
                <![CDATA[standard_user]]>
              </value>
            </param>
            <param index="1">
              <value>
                <![CDATA[secret_sauce]]>
              </value>
            </param>
          </params>
          <reporter-output>
          </reporter-output>
        </test-method> <!-- loginTest -->
        <test-method is-config="true" signature="tearDown()[pri:0, instance:testcase.SampleCart@78fa769e]" started-at="2023-09-29T16:59:37 IST" name="tearDown" finished-at="2023-09-29T16:59:37 IST" duration-ms="261" status="PASS">
          <reporter-output>
          </reporter-output>
        </test-method> <!-- tearDown -->
        <test-method is-config="true" signature="endTest()[pri:0, instance:testcase.SampleCart@78fa769e]" started-at="2023-09-29T16:59:37 IST" name="endTest" finished-at="2023-09-29T16:59:38 IST" duration-ms="869" status="PASS">
          <reporter-output>
          </reporter-output>
        </test-method> <!-- endTest -->
      </class> <!-- testcase.SampleCart -->
    </test> <!-- Default test -->
  </suite> <!-- Default suite -->
</testng-results>
